Watching for file changes with StatReloader
[02/May/2026 15:03:46] "GET /api/products/ HTTP/1.1" 200 10692
[02/May/2026 15:03:48] "GET /api/products/20/reviews/ HTTP/1.1" 200 2
[02/May/2026 15:03:48] "GET /api/products/23/reviews/ HTTP/1.1" 200 2
[02/May/2026 15:03:48] "GET /api/products/22/reviews/ HTTP/1.1" 200 2
[02/May/2026 15:03:48] "GET /api/products/21/reviews/ HTTP/1.1" 200 2
[02/May/2026 15:03:48] "GET /api/products/18/reviews/ HTTP/1.1" 200 2
[02/May/2026 15:03:48] "GET /api/products/19/reviews/ HTTP/1.1" 200 2
[02/May/2026 15:03:49] "OPTIONS /api/guest/cart/ HTTP/1.1" 200 0
[02/May/2026 15:03:49] "GET /api/products/26/reviews/ HTTP/1.1" 200 2
[02/May/2026 15:03:49] "GET /api/products/25/reviews/ HTTP/1.1" 200 2
[02/May/2026 15:03:49] "GET /api/products/24/reviews/ HTTP/1.1" 200 2
[02/May/2026 15:03:49] "GET /api/products/27/reviews/ HTTP/1.1" 200 2
[02/May/2026 15:03:49] "GET /api/products/28/reviews/ HTTP/1.1" 200 2
[02/May/2026 15:03:49] "GET /api/products/29/reviews/ HTTP/1.1" 200 2
[02/May/2026 15:03:51] "GET /api/products/4/reviews/ HTTP/1.1" 200 2
[02/May/2026 15:03:51] "GET /api/products/8/reviews/ HTTP/1.1" 200 2
[02/May/2026 15:03:51] "GET /api/products/2/reviews/ HTTP/1.1" 200 2
[02/May/2026 15:03:51] "GET /api/products/30/reviews/ HTTP/1.1" 200 2
[02/May/2026 15:03:51] "GET /api/products/3/reviews/ HTTP/1.1" 200 2
[02/May/2026 15:03:51] "GET /api/products/5/reviews/ HTTP/1.1" 200 2
[02/May/2026 15:03:51] "GET /api/guest/cart/ HTTP/1.1" 200 2
[02/May/2026 15:03:51] "OPTIONS /api/guest/cart/ HTTP/1.1" 200 0
[02/May/2026 15:03:52] "GET /api/products/14/reviews/ HTTP/1.1" 200 2
[02/May/2026 15:03:52] "GET /api/products/10/reviews/ HTTP/1.1" 200 2
[02/May/2026 15:03:52] "GET /api/products/6/reviews/ HTTP/1.1" 200 2
[02/May/2026 15:03:52] "GET /api/products/7/reviews/ HTTP/1.1" 200 2
[02/May/2026 15:03:52] "GET /api/products/9/reviews/ HTTP/1.1" 200 2
[02/May/2026 15:03:52] "GET /api/products/1/reviews/ HTTP/1.1" 200 2
[02/May/2026 15:03:53] "GET /api/products/13/reviews/ HTTP/1.1" 200 2
[02/May/2026 15:03:53] "GET /api/products/12/reviews/ HTTP/1.1" 200 2
[02/May/2026 15:03:53] "GET /api/products/11/reviews/ HTTP/1.1" 200 2
[02/May/2026 15:03:53] "GET /api/products/15/reviews/ HTTP/1.1" 200 2
[02/May/2026 15:03:53] "GET /api/products/16/reviews/ HTTP/1.1" 200 2
[02/May/2026 15:03:54] "GET /api/products/17/reviews/ HTTP/1.1" 200 2
[02/May/2026 15:03:57] "OPTIONS /api/guest/cart/ HTTP/1.1" 200 0
[02/May/2026 15:03:57] "OPTIONS /api/guest/cart/ HTTP/1.1" 200 0
[02/May/2026 15:03:58] "OPTIONS /api/guest/cart/ HTTP/1.1" 200 0
[02/May/2026 15:03:58] "OPTIONS /api/guest/cart/ HTTP/1.1" 200 0
[02/May/2026 15:04:00] "OPTIONS /api/guest/cart/ HTTP/1.1" 200 0
[02/May/2026 15:04:33] "OPTIONS /api/login/ HTTP/1.1" 200 0
Unauthorized: /api/login/
[02/May/2026 15:06:42] "POST /api/login/ HTTP/1.1" 401 63
[02/May/2026 15:06:54] "OPTIONS /api/login/ HTTP/1.1" 200 0
/Users/mazenalzaibak/Library/Mobile Documents/com~apple~CloudDocs/UNI/S6/CS 308/CLONED REP ANTIGRAVITY/cs308-group14/backend/config/settings.py changed, reloading.
Performing system checks...

System check identified no issues (0 silenced).
May 02, 2026 - 14:52:34
Django version 6.0.4, using settings 'config.settings'
Starting development server at http://127.0.0.1:8000/
Quit the server with CONTROL-C.

WARNING: This is a development server. Do not use it in a production setting. Use a production WSGI or ASGI server instead.
For more information on production servers see: https://docs.djangoproject.com/en/6.0/howto/deployment/
Watching for file changes with StatReloader
[02/May/2026 15:08:28] "OPTIONS /api/login/ HTTP/1.1" 200 0
/Users/mazenalzaibak/Library/Mobile Documents/com~apple~CloudDocs/UNI/S6/CS 308/CLONED REP ANTIGRAVITY/cs308-group14/backend/venv/lib/python3.12/site-packages/jwt/api_jwt.py:147: InsecureKeyLengthWarning: The HMAC key is 28 bytes long, which is below the minimum recommended length of 32 bytes for SHA256. See RFC 7518 Section 3.2.
  return self._jws.encode(
[02/May/2026 15:08:32] "POST /api/login/ HTTP/1.1" 200 489
[02/May/2026 15:08:33] "OPTIONS /api/cart/ HTTP/1.1" 200 0
/Users/mazenalzaibak/Library/Mobile Documents/com~apple~CloudDocs/UNI/S6/CS 308/CLONED REP ANTIGRAVITY/cs308-group14/backend/venv/lib/python3.12/site-packages/jwt/api_jwt.py:365: InsecureKeyLengthWarning: The HMAC key is 28 bytes long, which is below the minimum recommended length of 32 bytes for SHA256. See RFC 7518 Section 3.2.
  decoded = self.decode_complete(
[02/May/2026 15:08:35] "GET /api/cart/ HTTP/1.1" 200 400
[02/May/2026 15:08:37] "POST /api/cart/ HTTP/1.1" 201 407
[02/May/2026 15:08:39] "GET /api/cart/ HTTP/1.1" 200 808
[02/May/2026 15:08:41] "GET /api/cart/ HTTP/1.1" 200 808
[02/May/2026 15:08:44] "OPTIONS /api/addresses/ HTTP/1.1" 200 0
[02/May/2026 15:08:46] "GET /api/addresses/ HTTP/1.1" 200 176
[02/May/2026 15:08:46] "OPTIONS /api/payment-cards/ HTTP/1.1" 200 0
[02/May/2026 15:08:47] "GET /api/payment-cards/ HTTP/1.1" 200 165
[02/May/2026 15:08:49] "OPTIONS /api/checkout/ HTTP/1.1" 200 0
Performing system checks...

System check identified no issues (0 silenced).
May 02, 2026 - 15:07:23
Django version 6.0.4, using settings 'config.settings'
Starting development server at http://127.0.0.1:8000/
Quit the server with CONTROL-C.

WARNING: This is a development server. Do not use it in a production setting. Use a production WSGI or ASGI server instead.
For more information on production servers see: https://docs.djangoproject.com/en/6.0/howto/deployment/
MIME-Version: 1.0
Content-Type: multipart/mixed; boundary="===============4836765097013572587=="
Subject: Your Order Confirmation - Order #28
From: orders@inkcloud.com
To: mazen.alzaibak@sabanciuniv.edu
Date: Sat, 02 May 2026 15:08:52 +0000
Message-ID: <177773453257.74912.10256245080779183682@1.0.0.127.in-addr.arpa>

--===============4836765097013572587==
Content-Type: text/plain; charset="utf-8"
Content-Transfer-Encoding: 7bit

Dear MAZEN MAZEN,

Thank you for your purchase! Your order has been confirmed.

Order ID: ORD-28
Total Amount: $25.98

Your invoice is attached. We'll notify you when your order ships!

Best regards,
inkcloud Team

--===============4836765097013572587==
Content-Type: application/pdf
Content-Transfer-Encoding: base64
Content-Disposition: attachment; filename="invoice_ORD-28.pdf"
MIME-Version: 1.0

JVBERi0xLjQKJZOMi54gUmVwb3J0TGFiIEdlbmVyYXRlZCBQREYgZG9jdW1lbnQgKG9wZW5zb3Vy
Y2UpCjEgMCBvYmoKPDwKL0YxIDIgMCBSIC9GMiAzIDAgUiAvRjMgNCAwIFIKPj4KZW5kb2JqCjIg
MCBvYmoKPDwKL0Jhc2VGb250IC9IZWx2ZXRpY2EgL0VuY29kaW5nIC9XaW5BbnNpRW5jb2Rpbmcg
L05hbWUgL0YxIC9TdWJ0eXBlIC9UeXBlMSAvVHlwZSAvRm9udAo+PgplbmRvYmoKMyAwIG9iago8
PAovQmFzZUZvbnQgL0hlbHZldGljYS1Cb2xkIC9FbmNvZGluZyAvV2luQW5zaUVuY29kaW5nIC9O
YW1lIC9GMiAvU3VidHlwZSAvVHlwZTEgL1R5cGUgL0ZvbnQKPj4KZW5kb2JqCjQgMCBvYmoKPDwK
L0Jhc2VGb250IC9IZWx2ZXRpY2EtT2JsaXF1ZSAvRW5jb2RpbmcgL1dpbkFuc2lFbmNvZGluZyAv
TmFtZSAvRjMgL1N1YnR5cGUgL1R5cGUxIC9UeXBlIC9Gb250Cj4+CmVuZG9iago1IDAgb2JqCjw8
Ci9Db250ZW50cyA5IDAgUiAvTWVkaWFCb3ggWyAwIDAgNjEyIDc5MiBdIC9QYXJlbnQgOCAwIFIg
L1Jlc291cmNlcyA8PAovRm9udCAxIDAgUiAvUHJvY1NldCBbIC9QREYgL1RleHQgL0ltYWdlQiAv
SW1hZ2VDIC9JbWFnZUkgXQo+PiAvUm90YXRlIDAgL1RyYW5zIDw8Cgo+PiAKICAvVHlwZSAvUGFn
ZQo+PgplbmRvYmoKNiAwIG9iago8PAovUGFnZU1vZGUgL1VzZU5vbmUgL1BhZ2VzIDggMCBSIC9U
eXBlIC9DYXRhbG9nCj4+CmVuZG9iago3IDAgb2JqCjw8Ci9BdXRob3IgKGFub255bW91cykgL0Ny
ZWF0aW9uRGF0ZSAoRDoyMDI2MDUwMjE1MDg1MiswMCcwMCcpIC9DcmVhdG9yIChhbm9ueW1vdXMp
IC9LZXl3b3JkcyAoKSAvTW9kRGF0ZSAoRDoyMDI2MDUwMjE1MDg1MiswMCcwMCcpIC9Qcm9kdWNl
ciAoUmVwb3J0TGFiIFBERiBMaWJyYXJ5IC0gXChvcGVuc291cmNlXCkpIAogIC9TdWJqZWN0ICh1
bnNwZWNpZmllZCkgL1RpdGxlICh1bnRpdGxlZCkgL1RyYXBwZWQgL0ZhbHNlCj4+CmVuZG9iago4
IDAgb2JqCjw8Ci9Db3VudCAxIC9LaWRzIFsgNSAwIFIgXSAvVHlwZSAvUGFnZXMKPj4KZW5kb2Jq
CjkgMCBvYmoKPDwKL0ZpbHRlciBbIC9BU0NJSTg1RGVjb2RlIC9GbGF0ZURlY29kZSBdIC9MZW5n
dGggNDg5Cj4+CnN0cmVhbQpHYXNhbD4+TippKGsoUksqInJyPDYjPS9uPy9FcmUsYDNeS0klUkxd
Ij8qU1osNi1OJSlgWW49Wl9bUXJtQDxlKD1wZ0ZCPDNFUGJFOjtmU09iLD91RiY6YFRFKms7PD5M
TGo1R2k8Ol09OSVtQDhqWGlOJEpsXCZfcTRZUW42cDhGcEMkRTZOby1wQmo3ZnBENUU6LihAcV84
STpUW2l1bWdJWVBDLllZQjwxIk1KKVxDUiQsSE0tRVFwZXUqRkleTkhZLVNESl5PdSJoSUdeKVNQ
KmgjPS5xZDxYVixIM1VUKTdfcU87bGE4PUM7SVxMLS1JYFpaRXV1PFNmIV1yK3FaV1FfTXVbRHM9
LDpgOnFjNVJBZHJYYChdUSEtdEA6UEZgKkdwJEkxa0tWY04yLChCUkF1M2E0LmVWMi1jPGZOSSw/
VV8yJlFPNnMnXlQtSD9HMiYxRzNOIWUiMVVzImFtajVsIkJAPE5ENSpTO1FCa0YzOmFFKUlpW2Ei
dUI9OjFVU19bJkxYL0pTWklcW0xGZGg+bSdcLGJKdXRzOW9oZTZrLCMtdVY7Qj9XJlxjLGlSRydP
akw+LD0yKjdkNSE7R0c3QFFlNFxEayMjQ00wZztsZyNrUnFDOyxdbUsoV1dyUEMmfj5lbmRzdHJl
YW0KZW5kb2JqCnhyZWYKMCAxMAowMDAwMDAwMDAwIDY1NTM1IGYgCjAwMDAwMDAwNjEgMDAwMDAg
biAKMDAwMDAwMDExMiAwMDAwMCBuIAowMDAwMDAwMjE5IDAwMDAwIG4gCjAwMDAwMDAzMzEgMDAw
MDAgbiAKMDAwMDAwMDQ0NiAwMDAwMCBuIAowMDAwMDAwNjM5IDAwMDAwIG4gCjAwMDAwMDA3MDcg
MDAwMDAgbiAKMDAwMDAwMDk2OCAwMDAwMCBuIAowMDAwMDAxMDI3IDAwMDAwIG4gCnRyYWlsZXIK
PDwKL0lEIApbPDc1YmUwYzk4NmU0M2QxNGVmYWRlMDdhY2Y2N2ZkNTAxPjw3NWJlMGM5ODZlNDNk
MTRlZmFkZTA3YWNmNjdmZDUwMT5dCiUgUmVwb3J0TGFiIGdlbmVyYXRlZCBQREYgZG9jdW1lbnQg
LS0gZGlnZXN0IChvcGVuc291cmNlKQoKL0luZm8gNyAwIFIKL1Jvb3QgNiAwIFIKL1NpemUgMTAK
Pj4Kc3RhcnR4cmVmCjE2MDYKJSVFT0YK

--===============4836765097013572587==--

-------------------------------------------------------------------------------
[02/May/2026 15:08:52] "POST /api/checkout/ HTTP/1.1" 201 253
[02/May/2026 15:09:21] "OPTIONS /api/profile/ HTTP/1.1" 200 0
[02/May/2026 15:09:23] "GET /api/profile/ HTTP/1.1" 200 161
[02/May/2026 15:09:23] "OPTIONS /api/orders/ HTTP/1.1" 200 0
[02/May/2026 15:09:24] "GET /api/orders/ HTTP/1.1" 200 600
[02/May/2026 15:09:26] "GET /api/addresses/ HTTP/1.1" 200 176
[02/May/2026 15:09:28] "GET /api/payment-cards/ HTTP/1.1" 200 165
[02/May/2026 15:09:32] "OPTIONS /api/orders/28/action/ HTTP/1.1" 200 0
[02/May/2026 15:09:35] "POST /api/orders/28/action/ HTTP/1.1" 200 64
[02/May/2026 15:09:36] "GET /api/profile/ HTTP/1.1" 200 161
[02/May/2026 15:09:38] "GET /api/orders/ HTTP/1.1" 200 599
[02/May/2026 15:09:39] "GET /api/cart/ HTTP/1.1" 200 2
[02/May/2026 15:09:39] "GET /api/addresses/ HTTP/1.1" 200 176
[02/May/2026 15:09:41] "GET /api/payment-cards/ HTTP/1.1" 200 165
[02/May/2026 15:09:41] "POST /api/cart/ HTTP/1.1" 201 407
[02/May/2026 15:09:43] "GET /api/cart/ HTTP/1.1" 200 409
[02/May/2026 15:09:59] "GET /api/cart/ HTTP/1.1" 200 409
[02/May/2026 15:10:09] "GET /api/addresses/ HTTP/1.1" 200 176
[02/May/2026 15:10:11] "GET /api/payment-cards/ HTTP/1.1" 200 165
MIME-Version: 1.0
Content-Type: multipart/mixed; boundary="===============0835443674573029860=="
Subject: Your Order Confirmation - Order #29
From: orders@inkcloud.com
To: mazen.alzaibak@sabanciuniv.edu
Date: Sat, 02 May 2026 15:10:40 +0000
Message-ID: <177773464021.74912.177057440554776922@1.0.0.127.in-addr.arpa>

--===============0835443674573029860==
Content-Type: text/plain; charset="utf-8"
Content-Transfer-Encoding: 7bit

Dear MAZEN MAZEN,

Thank you for your purchase! Your order has been confirmed.

Order ID: ORD-29
Total Amount: $15.49

Your invoice is attached. We'll notify you when your order ships!

Best regards,
inkcloud Team

--===============0835443674573029860==
Content-Type: application/pdf
Content-Transfer-Encoding: base64
Content-Disposition: attachment; filename="invoice_ORD-29.pdf"
MIME-Version: 1.0

JVBERi0xLjQKJZOMi54gUmVwb3J0TGFiIEdlbmVyYXRlZCBQREYgZG9jdW1lbnQgKG9wZW5zb3Vy
Y2UpCjEgMCBvYmoKPDwKL0YxIDIgMCBSIC9GMiAzIDAgUiAvRjMgNCAwIFIKPj4KZW5kb2JqCjIg
MCBvYmoKPDwKL0Jhc2VGb250IC9IZWx2ZXRpY2EgL0VuY29kaW5nIC9XaW5BbnNpRW5jb2Rpbmcg
L05hbWUgL0YxIC9TdWJ0eXBlIC9UeXBlMSAvVHlwZSAvRm9udAo+PgplbmRvYmoKMyAwIG9iago8
PAovQmFzZUZvbnQgL0hlbHZldGljYS1Cb2xkIC9FbmNvZGluZyAvV2luQW5zaUVuY29kaW5nIC9O
YW1lIC9GMiAvU3VidHlwZSAvVHlwZTEgL1R5cGUgL0ZvbnQKPj4KZW5kb2JqCjQgMCBvYmoKPDwK
L0Jhc2VGb250IC9IZWx2ZXRpY2EtT2JsaXF1ZSAvRW5jb2RpbmcgL1dpbkFuc2lFbmNvZGluZyAv
TmFtZSAvRjMgL1N1YnR5cGUgL1R5cGUxIC9UeXBlIC9Gb250Cj4+CmVuZG9iago1IDAgb2JqCjw8
Ci9Db250ZW50cyA5IDAgUiAvTWVkaWFCb3ggWyAwIDAgNjEyIDc5MiBdIC9QYXJlbnQgOCAwIFIg
L1Jlc291cmNlcyA8PAovRm9udCAxIDAgUiAvUHJvY1NldCBbIC9QREYgL1RleHQgL0ltYWdlQiAv
SW1hZ2VDIC9JbWFnZUkgXQo+PiAvUm90YXRlIDAgL1RyYW5zIDw8Cgo+PiAKICAvVHlwZSAvUGFn
ZQo+PgplbmRvYmoKNiAwIG9iago8PAovUGFnZU1vZGUgL1VzZU5vbmUgL1BhZ2VzIDggMCBSIC9U
eXBlIC9DYXRhbG9nCj4+CmVuZG9iago3IDAgb2JqCjw8Ci9BdXRob3IgKGFub255bW91cykgL0Ny
ZWF0aW9uRGF0ZSAoRDoyMDI2MDUwMjE1MTA0MCswMCcwMCcpIC9DcmVhdG9yIChhbm9ueW1vdXMp
IC9LZXl3b3JkcyAoKSAvTW9kRGF0ZSAoRDoyMDI2MDUwMjE1MTA0MCswMCcwMCcpIC9Qcm9kdWNl
ciAoUmVwb3J0TGFiIFBERiBMaWJyYXJ5IC0gXChvcGVuc291cmNlXCkpIAogIC9TdWJqZWN0ICh1
bnNwZWNpZmllZCkgL1RpdGxlICh1bnRpdGxlZCkgL1RyYXBwZWQgL0ZhbHNlCj4+CmVuZG9iago4
IDAgb2JqCjw8Ci9Db3VudCAxIC9LaWRzIFsgNSAwIFIgXSAvVHlwZSAvUGFnZXMKPj4KZW5kb2Jq
CjkgMCBvYmoKPDwKL0ZpbHRlciBbIC9BU0NJSTg1RGVjb2RlIC9GbGF0ZURlY29kZSBdIC9MZW5n
dGggNDI5Cj4+CnN0cmVhbQpHYXNhaz4+TippJ1JvNEhIbVYlVTYjPS9uYk1LKmA2NTJgOnBjZEFt
LkdJUCo0bi5wclxxMSJoUW1NLmFhYGhORS1xTmwqWzRXWl0/SnQ3NkpoaS0uLi47LDJCKy40JW9i
ZVQicWxKXT5zN1dGWDBGPCVPMD5jOTdqX1smLShnXVJXNkpVciZjKzVjXVtvYCp0ZExSVkNOZVFg
UVxSZ0RBVGZVI2sjYGI1VCgrLmxCS1hKVyVsW2ZyaC0oJURlRic2Sik9NWltdChrOT9wSTJTaVtG
VnJqbSlrMGYhW2QtJy9ZaExRNV10K11AXzhubTQlWWBSckA4Z05PLTUvVU5BQmUxMUM7QUc7ZGdZ
NV9DPmdBOF8yLHRQOCQsbT1FZV5NQFdiTiI7VEUhM2RjVDAvLlsjSXAqVUxOaCgrKVZoc2xQJVon
Ty5IV1srZF5eRm5HNGk7XmpPTVhKXWhkRVw5TTc5WEwtXz1YSklgKWRqQzclPj9mLzhcJSJacmda
XWonTEdfOihXQj0zZnIuUmsuQSF0RFlRWyRqKjBKO01UVThFYXQmKzsqb2A7fj5lbmRzdHJlYW0K
ZW5kb2JqCnhyZWYKMCAxMAowMDAwMDAwMDAwIDY1NTM1IGYgCjAwMDAwMDAwNjEgMDAwMDAgbiAK
MDAwMDAwMDExMiAwMDAwMCBuIAowMDAwMDAwMjE5IDAwMDAwIG4gCjAwMDAwMDAzMzEgMDAwMDAg
biAKMDAwMDAwMDQ0NiAwMDAwMCBuIAowMDAwMDAwNjM5IDAwMDAwIG4gCjAwMDAwMDA3MDcgMDAw
MDAgbiAKMDAwMDAwMDk2OCAwMDAwMCBuIAowMDAwMDAxMDI3IDAwMDAwIG4gCnRyYWlsZXIKPDwK
L0lEIApbPDQ5YWU2NzFkNWQwNGZiMjMxMTg0NTk5NmRiNTA0MTM1Pjw0OWFlNjcxZDVkMDRmYjIz
MTE4NDU5OTZkYjUwNDEzNT5dCiUgUmVwb3J0TGFiIGdlbmVyYXRlZCBQREYgZG9jdW1lbnQgLS0g
ZGlnZXN0IChvcGVuc291cmNlKQoKL0luZm8gNyAwIFIKL1Jvb3QgNiAwIFIKL1NpemUgMTAKPj4K
c3RhcnR4cmVmCjE1NDYKJSVFT0YK

--===============0835443674573029860==--

-------------------------------------------------------------------------------
[02/May/2026 15:10:40] "POST /api/checkout/ HTTP/1.1" 201 253
[02/May/2026 15:10:54] "GET /api/products/ HTTP/1.1" 200 10692
[02/May/2026 15:10:56] "GET /api/products/25/reviews/ HTTP/1.1" 200 2
[02/May/2026 15:10:56] "GET /api/products/23/reviews/ HTTP/1.1" 200 2
[02/May/2026 15:10:56] "GET /api/products/21/reviews/ HTTP/1.1" 200 2
[02/May/2026 15:10:56] "GET /api/products/24/reviews/ HTTP/1.1" 200 2
[02/May/2026 15:10:56] "GET /api/products/22/reviews/ HTTP/1.1" 200 2
[02/May/2026 15:10:56] "GET /api/products/18/reviews/ HTTP/1.1" 200 2
[02/May/2026 15:10:57] "GET /api/products/27/reviews/ HTTP/1.1" 200 2
[02/May/2026 15:10:57] "GET /api/products/26/reviews/ HTTP/1.1" 200 2
[02/May/2026 15:10:57] "GET /api/products/5/reviews/ HTTP/1.1" 200 2
[02/May/2026 15:10:57] "GET /api/products/30/reviews/ HTTP/1.1" 200 2
[02/May/2026 15:10:57] "GET /api/products/29/reviews/ HTTP/1.1" 200 2
[02/May/2026 15:10:57] "GET /api/products/28/reviews/ HTTP/1.1" 200 2
[02/May/2026 15:10:58] "GET /api/products/4/reviews/ HTTP/1.1" 200 2
[02/May/2026 15:10:58] "GET /api/products/2/reviews/ HTTP/1.1" 200 2
[02/May/2026 15:10:58] "GET /api/products/8/reviews/ HTTP/1.1" 200 2
[02/May/2026 15:10:58] "GET /api/products/3/reviews/ HTTP/1.1" 200 2
[02/May/2026 15:10:58] "GET /api/products/6/reviews/ HTTP/1.1" 200 2
[02/May/2026 15:10:58] "GET /api/products/7/reviews/ HTTP/1.1" 200 2
[02/May/2026 15:10:59] "GET /api/products/9/reviews/ HTTP/1.1" 200 2
[02/May/2026 15:10:59] "GET /api/products/14/reviews/ HTTP/1.1" 200 2
[02/May/2026 15:10:59] "GET /api/products/10/reviews/ HTTP/1.1" 200 2
[02/May/2026 15:10:59] "GET /api/products/13/reviews/ HTTP/1.1" 200 2
[02/May/2026 15:10:59] "GET /api/products/1/reviews/ HTTP/1.1" 200 2
[02/May/2026 15:10:59] "GET /api/products/11/reviews/ HTTP/1.1" 200 2
[02/May/2026 15:11:01] "GET /api/products/16/reviews/ HTTP/1.1" 200 2
[02/May/2026 15:11:01] "GET /api/products/15/reviews/ HTTP/1.1" 200 2
[02/May/2026 15:11:01] "GET /api/products/12/reviews/ HTTP/1.1" 200 2
[02/May/2026 15:11:01] "GET /api/products/20/reviews/ HTTP/1.1" 200 2
[02/May/2026 15:11:01] "GET /api/products/17/reviews/ HTTP/1.1" 200 2
[02/May/2026 15:11:01] "GET /api/products/19/reviews/ HTTP/1.1" 200 2
[02/May/2026 15:11:16] "GET /api/products/ HTTP/1.1" 200 10692
[02/May/2026 15:11:16] "GET /api/sales/orders/ HTTP/1.1" 200 5883
[02/May/2026 15:11:27] "GET /api/profile/ HTTP/1.1" 200 161
[02/May/2026 15:11:29] "GET /api/orders/ HTTP/1.1" 200 852
[02/May/2026 15:11:31] "GET /api/addresses/ HTTP/1.1" 200 176
[02/May/2026 15:11:33] "GET /api/payment-cards/ HTTP/1.1" 200 165
[02/May/2026 15:11:40] "OPTIONS /api/orders/29/action/ HTTP/1.1" 200 0
[02/May/2026 15:11:41] "POST /api/orders/29/action/ HTTP/1.1" 200 72
[02/May/2026 15:11:43] "GET /api/profile/ HTTP/1.1" 200 161
[02/May/2026 15:11:44] "GET /api/orders/ HTTP/1.1" 200 859
[02/May/2026 15:11:46] "GET /api/addresses/ HTTP/1.1" 200 176
[02/May/2026 15:11:47] "GET /api/payment-cards/ HTTP/1.1" 200 165
[02/May/2026 15:11:50] "GET /api/products/ HTTP/1.1" 200 10692
[02/May/2026 15:11:50] "GET /api/sales/orders/ HTTP/1.1" 200 5890
[02/May/2026 15:11:51] "GET /api/products/23/reviews/ HTTP/1.1" 200 2
[02/May/2026 15:11:51] "GET /api/products/22/reviews/ HTTP/1.1" 200 2
[02/May/2026 15:11:51] "GET /api/products/ HTTP/1.1" 200 10692
[02/May/2026 15:11:51] "GET /api/products/18/reviews/ HTTP/1.1" 200 2
[02/May/2026 15:11:51] "GET /api/products/24/reviews/ HTTP/1.1" 200 2
[02/May/2026 15:11:51] "GET /api/products/25/reviews/ HTTP/1.1" 200 2
[02/May/2026 15:11:51] "GET /api/products/21/reviews/ HTTP/1.1" 200 2
[02/May/2026 15:11:51] "OPTIONS /api/sales/orders/29/refund-decision/ HTTP/1.1" 200 0
[02/May/2026 15:11:53] "GET /api/products/29/reviews/ HTTP/1.1" 200 2
[02/May/2026 15:11:53] "GET /api/products/30/reviews/ HTTP/1.1" 200 2
[02/May/2026 15:11:53] "GET /api/products/5/reviews/ HTTP/1.1" 200 2
[02/May/2026 15:11:53] "GET /api/products/28/reviews/ HTTP/1.1" 200 2
[02/May/2026 15:11:53] "GET /api/products/27/reviews/ HTTP/1.1" 200 2
[02/May/2026 15:11:53] "GET /api/products/26/reviews/ HTTP/1.1" 200 2
Content-Type: text/plain; charset="utf-8"
Content-Transfer-Encoding: 7bit
MIME-Version: 1.0
Subject: Refund Accepted for Order ORD-29
From: mazenzeibek@gmail.com
To: mazen.alzaibak@sabanciuniv.edu
Date: Sat, 02 May 2026 15:11:55 +0000
Message-ID: <177773471524.74912.14255059420679806578@1.0.0.127.in-addr.arpa>

Hello,

Your refund request for order ORD-29 has been ACCEPTED.

The amount of $15.49 will be credited back to your original payment method.

Thank you,
InkCloud Team

-------------------------------------------------------------------------------
[02/May/2026 15:11:55] "POST /api/sales/orders/29/refund-decision/ HTTP/1.1" 200 50
[02/May/2026 15:11:55] "GET /api/products/3/reviews/ HTTP/1.1" 200 2
[02/May/2026 15:11:55] "GET /api/products/2/reviews/ HTTP/1.1" 200 2
[02/May/2026 15:11:55] "GET /api/products/4/reviews/ HTTP/1.1" 200 2
[02/May/2026 15:11:55] "GET /api/products/7/reviews/ HTTP/1.1" 200 2
[02/May/2026 15:11:55] "GET /api/products/6/reviews/ HTTP/1.1" 200 2
[02/May/2026 15:11:55] "GET /api/products/8/reviews/ HTTP/1.1" 200 2
[02/May/2026 15:11:57] "GET /api/products/11/reviews/ HTTP/1.1" 200 2
[02/May/2026 15:11:57] "GET /api/products/10/reviews/ HTTP/1.1" 200 2
[02/May/2026 15:11:57] "GET /api/products/1/reviews/ HTTP/1.1" 200 2
[02/May/2026 15:11:57] "GET /api/products/14/reviews/ HTTP/1.1" 200 2
[02/May/2026 15:11:57] "GET /api/products/13/reviews/ HTTP/1.1" 200 2
[02/May/2026 15:11:57] "GET /api/products/9/reviews/ HTTP/1.1" 200 2
[02/May/2026 15:11:57] "GET /api/sales/orders/ HTTP/1.1" 200 5882
[02/May/2026 15:11:58] "GET /api/products/12/reviews/ HTTP/1.1" 200 2
[02/May/2026 15:11:58] "GET /api/products/16/reviews/ HTTP/1.1" 200 2
[02/May/2026 15:11:58] "GET /api/products/15/reviews/ HTTP/1.1" 200 2
[02/May/2026 15:11:58] "GET /api/products/17/reviews/ HTTP/1.1" 200 2
[02/May/2026 15:11:58] "GET /api/products/20/reviews/ HTTP/1.1" 200 2
[02/May/2026 15:11:58] "GET /api/products/19/reviews/ HTTP/1.1" 200 2
[02/May/2026 15:12:05] "GET /api/products/ HTTP/1.1" 200 10692
[02/May/2026 15:12:05] "GET /api/profile/ HTTP/1.1" 200 161
[02/May/2026 15:12:08] "GET /api/products/25/reviews/ HTTP/1.1" 200 2
[02/May/2026 15:12:08] "GET /api/products/24/reviews/ HTTP/1.1" 200 2
[02/May/2026 15:12:08] "GET /api/products/18/reviews/ HTTP/1.1" 200 2
[02/May/2026 15:12:08] "GET /api/products/21/reviews/ HTTP/1.1" 200 2
[02/May/2026 15:12:08] "GET /api/products/23/reviews/ HTTP/1.1" 200 2
[02/May/2026 15:12:08] "GET /api/products/22/reviews/ HTTP/1.1" 200 2
[02/May/2026 15:12:09] "GET /api/products/5/reviews/ HTTP/1.1" 200 2
[02/May/2026 15:12:09] "GET /api/products/27/reviews/ HTTP/1.1" 200 2
[02/May/2026 15:12:09] "GET /api/products/29/reviews/ HTTP/1.1" 200 2
[02/May/2026 15:12:09] "GET /api/products/28/reviews/ HTTP/1.1" 200 2
[02/May/2026 15:12:09] "GET /api/products/26/reviews/ HTTP/1.1" 200 2
[02/May/2026 15:12:09] "GET /api/products/30/reviews/ HTTP/1.1" 200 2
[02/May/2026 15:12:10] "GET /api/products/2/reviews/ HTTP/1.1" 200 2
[02/May/2026 15:12:10] "GET /api/products/6/reviews/ HTTP/1.1" 200 2
[02/May/2026 15:12:10] "GET /api/products/4/reviews/ HTTP/1.1" 200 2
[02/May/2026 15:12:10] "GET /api/products/8/reviews/ HTTP/1.1" 200 2
[02/May/2026 15:12:10] "GET /api/products/7/reviews/ HTTP/1.1" 200 2
[02/May/2026 15:12:10] "GET /api/products/3/reviews/ HTTP/1.1" 200 2
[02/May/2026 15:12:11] "GET /api/products/13/reviews/ HTTP/1.1" 200 2
[02/May/2026 15:12:12] "GET /api/products/9/reviews/ HTTP/1.1" 200 2
[02/May/2026 15:12:12] "GET /api/products/10/reviews/ HTTP/1.1" 200 2
[02/May/2026 15:12:12] "GET /api/products/14/reviews/ HTTP/1.1" 200 2
[02/May/2026 15:12:12] "GET /api/products/1/reviews/ HTTP/1.1" 200 2
[02/May/2026 15:12:12] "GET /api/products/11/reviews/ HTTP/1.1" 200 2
[02/May/2026 15:12:13] "GET /api/products/16/reviews/ HTTP/1.1" 200 2
[02/May/2026 15:12:13] "GET /api/products/20/reviews/ HTTP/1.1" 200 2
[02/May/2026 15:12:13] "GET /api/products/12/reviews/ HTTP/1.1" 200 2
[02/May/2026 15:12:13] "GET /api/products/17/reviews/ HTTP/1.1" 200 2
[02/May/2026 15:12:13] "GET /api/products/19/reviews/ HTTP/1.1" 200 2
[02/May/2026 15:12:13] "GET /api/products/15/reviews/ HTTP/1.1" 200 2
[02/May/2026 15:12:15] "GET /api/orders/ HTTP/1.1" 200 851
[02/May/2026 15:12:16] "GET /api/addresses/ HTTP/1.1" 200 176
[02/May/2026 15:12:18] "GET /api/payment-cards/ HTTP/1.1" 200 165
/Users/mazenalzaibak/Library/Mobile Documents/com~apple~CloudDocs/UNI/S6/CS 308/CLONED REP ANTIGRAVITY/cs308-group14/backend/config/settings.py changed, reloading.
Watching for file changes with StatReloader
/Users/mazenalzaibak/Library/Mobile Documents/com~apple~CloudDocs/UNI/S6/CS 308/CLONED REP ANTIGRAVITY/cs308-group14/backend/venv/lib/python3.12/site-packages/jwt/api_jwt.py:365: InsecureKeyLengthWarning: The HMAC key is 28 bytes long, which is below the minimum recommended length of 32 bytes for SHA256. See RFC 7518 Section 3.2.
  decoded = self.decode_complete(
[02/May/2026 15:16:03] "GET /api/cart/ HTTP/1.1" 200 2
[02/May/2026 15:16:05] "POST /api/cart/ HTTP/1.1" 201 361
[02/May/2026 15:16:07] "GET /api/cart/ HTTP/1.1" 200 363
[02/May/2026 15:16:08] "GET /api/cart/ HTTP/1.1" 200 363
[02/May/2026 15:16:12] "GET /api/addresses/ HTTP/1.1" 200 176
[02/May/2026 15:16:14] "GET /api/payment-cards/ HTTP/1.1" 200 165
[02/May/2026 15:16:21] "POST /api/checkout/ HTTP/1.1" 201 253
[02/May/2026 15:16:55] "GET /api/profile/ HTTP/1.1" 200 161
[02/May/2026 15:16:57] "GET /api/orders/ HTTP/1.1" 200 1091
[02/May/2026 15:16:59] "GET /api/addresses/ HTTP/1.1" 200 176
[02/May/2026 15:17:00] "GET /api/payment-cards/ HTTP/1.1" 200 165
[02/May/2026 15:17:06] "OPTIONS /api/orders/30/action/ HTTP/1.1" 200 0
[02/May/2026 15:17:08] "POST /api/orders/30/action/ HTTP/1.1" 200 72
[02/May/2026 15:17:09] "GET /api/profile/ HTTP/1.1" 200 161
[02/May/2026 15:17:11] "GET /api/orders/ HTTP/1.1" 200 1098
[02/May/2026 15:17:12] "GET /api/addresses/ HTTP/1.1" 200 176
[02/May/2026 15:17:14] "GET /api/payment-cards/ HTTP/1.1" 200 165
[02/May/2026 15:17:17] "GET /api/products/ HTTP/1.1" 200 10691
[02/May/2026 15:17:18] "GET /api/sales/orders/ HTTP/1.1" 200 6209
[02/May/2026 15:17:19] "GET /api/products/ HTTP/1.1" 200 10691
[02/May/2026 15:17:19] "GET /api/products/22/reviews/ HTTP/1.1" 200 2
[02/May/2026 15:17:19] "GET /api/products/18/reviews/ HTTP/1.1" 200 2
[02/May/2026 15:17:19] "GET /api/products/24/reviews/ HTTP/1.1" 200 2
[02/May/2026 15:17:19] "GET /api/products/25/reviews/ HTTP/1.1" 200 2
[02/May/2026 15:17:19] "GET /api/products/23/reviews/ HTTP/1.1" 200 2
[02/May/2026 15:17:19] "GET /api/products/26/reviews/ HTTP/1.1" 200 2
[02/May/2026 15:17:20] "GET /api/products/5/reviews/ HTTP/1.1" 200 2
[02/May/2026 15:17:20] "GET /api/products/4/reviews/ HTTP/1.1" 200 2
[02/May/2026 15:17:20] "GET /api/products/30/reviews/ HTTP/1.1" 200 2
[02/May/2026 15:17:20] "GET /api/products/27/reviews/ HTTP/1.1" 200 2
[02/May/2026 15:17:20] "GET /api/products/28/reviews/ HTTP/1.1" 200 2
[02/May/2026 15:17:20] "GET /api/products/29/reviews/ HTTP/1.1" 200 2
[02/May/2026 15:17:21] "GET /api/products/6/reviews/ HTTP/1.1" 200 2
[02/May/2026 15:17:21] "GET /api/products/2/reviews/ HTTP/1.1" 200 2
[02/May/2026 15:17:21] "GET /api/products/3/reviews/ HTTP/1.1" 200 2
[02/May/2026 15:17:22] "GET /api/products/10/reviews/ HTTP/1.1" 200 2
[02/May/2026 15:17:22] "GET /api/products/8/reviews/ HTTP/1.1" 200 2
[02/May/2026 15:17:22] "GET /api/products/7/reviews/ HTTP/1.1" 200 2
[02/May/2026 15:17:23] "GET /api/products/9/reviews/ HTTP/1.1" 200 2
[02/May/2026 15:17:23] "GET /api/products/14/reviews/ HTTP/1.1" 200 2
[02/May/2026 15:17:23] "GET /api/products/11/reviews/ HTTP/1.1" 200 2
[02/May/2026 15:17:23] "GET /api/products/13/reviews/ HTTP/1.1" 200 2
[02/May/2026 15:17:23] "GET /api/products/1/reviews/ HTTP/1.1" 200 2
[02/May/2026 15:17:23] "GET /api/products/12/reviews/ HTTP/1.1" 200 2
[02/May/2026 15:17:24] "GET /api/products/20/reviews/ HTTP/1.1" 200 2
[02/May/2026 15:17:24] "GET /api/products/19/reviews/ HTTP/1.1" 200 2
[02/May/2026 15:17:24] "GET /api/products/15/reviews/ HTTP/1.1" 200 2
[02/May/2026 15:17:24] "GET /api/products/16/reviews/ HTTP/1.1" 200 2
[02/May/2026 15:17:24] "GET /api/products/21/reviews/ HTTP/1.1" 200 2
[02/May/2026 15:17:24] "GET /api/products/17/reviews/ HTTP/1.1" 200 2
[02/May/2026 15:17:27] "OPTIONS /api/sales/orders/30/refund-decision/ HTTP/1.1" 200 0
[02/May/2026 15:17:31] "POST /api/sales/orders/30/refund-decision/ HTTP/1.1" 200 57
[02/May/2026 15:17:33] "GET /api/sales/orders/ HTTP/1.1" 200 6208
